Test:  without errors 

Test:  without errors 
---------- Protocol ---------- Date: 10.12.2024 21:57:53
----------Parametres----------
-in: FIA.txt
-out: FIA.txt.out
-log: FIA.txt.log
----------Entered info----------
unt function func(unt a, unt b)|{|create unt num = 0x0A;|num >> 0x02;|num << 0x01;|until(a < 0x0A){a = a + b;};|a = a + b;|number = num + a;|return num;|};||bool function func2(bool log)|{|WriteLine log;|return log;|};||Main|{|create unt x;|create unt y;|x = 0x01;|y = x;|create sym sa;|sa = 'A';|sb = 'b';|sc = 'b';|Write sa;|WriteLine y;|Write x;|create bool logic = True;|get_date();|get_time();|return 0x00;|};;
Total amount of symbols: 415
Total amount of ignored symbols: 0
Total amount of lines: 35
unt
function
func
(
unt
a
,

unt
b
)

|

{

|
create
unt
num

=

0x0A
;

|
num
>>
0x02
;

|
num
<<
0x01
;

|
until
(
a
<
0x0A
)

{
a

=

a

+

b
;

}

;

|
a

=

a

+

b
;

|
number

=

num

+

a
;

|
return
num
;

|

}

;

|

|
bool
function
func2
(
bool
log
)

|

{

|
WriteLine
log
;

|
return
log
;

|

}

;

|

|
Main
|

{

|
create
unt
x
;

|
create
unt
y
;

|
x

=

0x01
;

|
y

=

x
;

|
create
sym
sa
;

|
sa

=

'A'

;

|
sb

=

'b'

;

|
sc

=

'b'

;

|
Write
sa
;

|
WriteLine
y
;

|
Write
x
;

|
create
bool
logic

=

True
;

|
get_date
(

)

;

|
get_time
(

)

;

|
return
0x00
;

|

}

;

;
