Сборка начата 14.12.2024 12:30:22.
Уровень детализации журнала: Normal.     1>Проект "C:\Users\Manmade\Desktop\SE_CP\FIA-2024\FIA-2024\FIA-2024.vcxproj" в узле 2 (целевые объекты Build).
     1>PrepareForBuild:
         Структурированный вывод включен. Форматирование диагностики компилятора будет отражать иерархию ошибок. Подробнее см. https://aka.ms/cpp/structured-output.
       InitializeBuildStatus:
         Создание "Debug\FIA-2024.tlog\unsuccessfulbuild", так как было задано "AlwaysCreate".
         Обращение к "Debug\FIA-2024.tlog\unsuccessfulbuild".
       ClCompile:
         C:\Program Files\Microsoft Visual Studio\2022\Community\VC\Tools\MSVC\14.41.34120\bin\HostX86\x86\CL.exe /c /ZI /JMC /nologo /W3 /WX- /diagnostics:column /sdl /Od /Oy- /D WIN32 /D _DEBUG /D _CONSOLE /D _UNICODE /D UNICODE /Gm- /EHsc /RTC1 /MDd /GS /fp:precise /Zc:wchar_t /Zc:forScope /Zc:inline /permissive- /Fo"Debug\\" /Fd"Debug\vc143.pdb" /external:W3 /Gd /TP /analyze- /FC /errorReport:prompt Error.cpp "FIA-2024.cpp" FST.cpp IT.cpp In.cpp LT.cpp Log.cpp MFST.cpp Out.cpp Parm.cpp Polish.cpp Semantic.cpp
         Error.cpp
     1>C:\Users\Manmade\Desktop\SE_CP\FIA-2024\FIA-2024\In.h(31,10): warning C4067: непредвиденные лексемы за директивой препроцессора, требуется newline
         (компиляция исходного файла "Error.cpp")
         
         FIA-2024.cpp
     1>C:\Users\Manmade\Desktop\SE_CP\FIA-2024\FIA-2024\In.h(31,10): warning C4067: непредвиденные лексемы за директивой препроцессора, требуется newline
         (компиляция исходного файла "FIA-2024.cpp")
         
         FST.cpp
     1>C:\Users\Manmade\Desktop\SE_CP\FIA-2024\FIA-2024\In.h(31,10): warning C4067: непредвиденные лексемы за директивой препроцессора, требуется newline
         (компиляция исходного файла "FST.cpp")
         
     1>C:\Users\Manmade\Desktop\SE_CP\FIA-2024\FIA-2024\FST.cpp(69,17): warning C4267: инициализация: преобразование из "size_t" в "short"; возможна потеря данных
     1>C:\Users\Manmade\Desktop\SE_CP\FIA-2024\FIA-2024\FST.cpp(835,23): warning C4018: <: несоответствие типов со знаком и без знака
         IT.cpp
     1>C:\Users\Manmade\Desktop\SE_CP\FIA-2024\FIA-2024\In.h(31,10): warning C4067: непредвиденные лексемы за директивой препроцессора, требуется newline
         (компиляция исходного файла "IT.cpp")
         
         In.cpp
     1>C:\Users\Manmade\Desktop\SE_CP\FIA-2024\FIA-2024\In.h(31,10): warning C4067: непредвиденные лексемы за директивой препроцессора, требуется newline
         (компиляция исходного файла "In.cpp")
         
     1>C:\Users\Manmade\Desktop\SE_CP\FIA-2024\FIA-2024\In.cpp(34,9): warning C4101: next: неиспользованная локальная переменная
         LT.cpp
     1>C:\Users\Manmade\Desktop\SE_CP\FIA-2024\FIA-2024\In.h(31,10): warning C4067: непредвиденные лексемы за директивой препроцессора, требуется newline
         (компиляция исходного файла "LT.cpp")
         
         Log.cpp
     1>C:\Users\Manmade\Desktop\SE_CP\FIA-2024\FIA-2024\In.h(31,10): warning C4067: непредвиденные лексемы за директивой препроцессора, требуется newline
         (компиляция исходного файла "Log.cpp")
         
         MFST.cpp
     1>C:\Users\Manmade\Desktop\SE_CP\FIA-2024\FIA-2024\In.h(31,10): warning C4067: непредвиденные лексемы за директивой препроцессора, требуется newline
         (компиляция исходного файла "MFST.cpp")
         
     1>C:\Users\Manmade\Desktop\SE_CP\FIA-2024\FIA-2024\MFST.cpp(257,72): warning C4267: =: преобразование из "size_t" в "short"; возможна потеря данных
         Out.cpp
     1>C:\Users\Manmade\Desktop\SE_CP\FIA-2024\FIA-2024\In.h(31,10): warning C4067: непредвиденные лексемы за директивой препроцессора, требуется newline
         (компиляция исходного файла "Out.cpp")
         
         Parm.cpp
     1>C:\Users\Manmade\Desktop\SE_CP\FIA-2024\FIA-2024\In.h(31,10): warning C4067: непредвиденные лексемы за директивой препроцессора, требуется newline
         (компиляция исходного файла "Parm.cpp")
         
         Polish.cpp
     1>C:\Users\Manmade\Desktop\SE_CP\FIA-2024\FIA-2024\In.h(31,10): warning C4067: непредвиденные лексемы за директивой препроцессора, требуется newline
         (компиляция исходного файла "Polish.cpp")
         
         Semantic.cpp
     1>C:\Users\Manmade\Desktop\SE_CP\FIA-2024\FIA-2024\In.h(31,10): warning C4067: непредвиденные лексемы за директивой препроцессора, требуется newline
         (компиляция исходного файла "Semantic.cpp")
         
         Создание кода...
       Link:
         C:\Program Files\Microsoft Visual Studio\2022\Community\VC\Tools\MSVC\14.41.34120\bin\HostX86\x86\link.exe /ERRORREPORT:PROMPT /OUT:"C:\Users\Manmade\Desktop\SE_CP\FIA-2024\Debug\FIA-2024.exe" /INCREMENTAL /ILK:"Debug\FIA-2024.ilk" /NOLOGO kernel32.lib user32.lib gdi32.lib winspool.lib comdlg32.lib advapi32.lib shell32.lib ole32.lib oleaut32.lib uuid.lib odbc32.lib odbccp32.lib /MANIFEST /MANIFESTUAC:"level='asInvoker' uiAccess='false'" /manifest:embed /DEBUG /PDB:"C:\Users\Manmade\Desktop\SE_CP\FIA-2024\Debug\FIA-2024.pdb" /SUBSYSTEM:CONSOLE /TLBID:1 /DYNAMICBASE /NXCOMPAT /IMPLIB:"C:\Users\Manmade\Desktop\SE_CP\FIA-2024\Debug\FIA-2024.lib" /MACHINE:X86 Debug\Error.obj
         "Debug\FIA-2024.obj"
         Debug\FST.obj
         Debug\GRB.obj
         Debug\In.obj
         Debug\IT.obj
         Debug\Log.obj
         Debug\LT.obj
         Debug\MFST.obj
         Debug\Out.obj
         Debug\Parm.obj
         Debug\Polish.obj
         Debug\Semantic.obj
         LINK : не найден или не выполнена сборка C:\Users\Manmade\Desktop\SE_CP\FIA-2024\Debug\FIA-2024.exe при последней инкрементной компоновке; выполняется полная компоновка
         FIA-2024.vcxproj -> C:\Users\Manmade\Desktop\SE_CP\FIA-2024\Debug\FIA-2024.exe
       FinalizeBuildStatus:
         Файл "Debug\FIA-2024.tlog\unsuccessfulbuild" удаляется.
         Обращение к "Debug\FIA-2024.tlog\FIA-2024.lastbuildstate".
     1>Сборка проекта "C:\Users\Manmade\Desktop\SE_CP\FIA-2024\FIA-2024\FIA-2024.vcxproj" завершена (целевые объекты Build).

Сборка успешно завершена.

       "C:\Users\Manmade\Desktop\SE_CP\FIA-2024\FIA-2024\FIA-2024.vcxproj" (целевой объект Build ) (1) ->
       (Целевой объект ClCompile) -> 
         C:\Users\Manmade\Desktop\SE_CP\FIA-2024\FIA-2024\In.h(31,10): warning C4067: непредвиденные лексемы за директивой препроцессора, требуется newline
         C:\Users\Manmade\Desktop\SE_CP\FIA-2024\FIA-2024\In.h(31,10): warning C4067: непредвиденные лексемы за директивой препроцессора, требуется newline
         C:\Users\Manmade\Desktop\SE_CP\FIA-2024\FIA-2024\In.h(31,10): warning C4067: непредвиденные лексемы за директивой препроцессора, требуется newline
         C:\Users\Manmade\Desktop\SE_CP\FIA-2024\FIA-2024\FST.cpp(69,17): warning C4267: инициализация: преобразование из "size_t" в "short"; возможна потеря данных
         C:\Users\Manmade\Desktop\SE_CP\FIA-2024\FIA-2024\FST.cpp(835,23): warning C4018: <: несоответствие типов со знаком и без знака
         C:\Users\Manmade\Desktop\SE_CP\FIA-2024\FIA-2024\In.h(31,10): warning C4067: непредвиденные лексемы за директивой препроцессора, требуется newline
         C:\Users\Manmade\Desktop\SE_CP\FIA-2024\FIA-2024\In.h(31,10): warning C4067: непредвиденные лексемы за директивой препроцессора, требуется newline
         C:\Users\Manmade\Desktop\SE_CP\FIA-2024\FIA-2024\In.cpp(34,9): warning C4101: next: неиспользованная локальная переменная
         C:\Users\Manmade\Desktop\SE_CP\FIA-2024\FIA-2024\In.h(31,10): warning C4067: непредвиденные лексемы за директивой препроцессора, требуется newline
         C:\Users\Manmade\Desktop\SE_CP\FIA-2024\FIA-2024\In.h(31,10): warning C4067: непредвиденные лексемы за директивой препроцессора, требуется newline
         C:\Users\Manmade\Desktop\SE_CP\FIA-2024\FIA-2024\In.h(31,10): warning C4067: непредвиденные лексемы за директивой препроцессора, требуется newline
         C:\Users\Manmade\Desktop\SE_CP\FIA-2024\FIA-2024\MFST.cpp(257,72): warning C4267: =: преобразование из "size_t" в "short"; возможна потеря данных
         C:\Users\Manmade\Desktop\SE_CP\FIA-2024\FIA-2024\In.h(31,10): warning C4067: непредвиденные лексемы за директивой препроцессора, требуется newline
         C:\Users\Manmade\Desktop\SE_CP\FIA-2024\FIA-2024\In.h(31,10): warning C4067: непредвиденные лексемы за директивой препроцессора, требуется newline
         C:\Users\Manmade\Desktop\SE_CP\FIA-2024\FIA-2024\In.h(31,10): warning C4067: непредвиденные лексемы за директивой препроцессора, требуется newline
         C:\Users\Manmade\Desktop\SE_CP\FIA-2024\FIA-2024\In.h(31,10): warning C4067: непредвиденные лексемы за директивой препроцессора, требуется newline

    Предупреждений: 16
    Ошибок: 0

Прошло времени 00:00:10.76
