c:\users\manmade\desktop\se_cp\fia-2024\fia-2024\debug\vc143.pdb
c:\users\manmade\desktop\se_cp\fia-2024\fia-2024\debug\vc143.idb
c:\users\manmade\desktop\se_cp\fia-2024\fia-2024\debug\fst.obj
c:\users\manmade\desktop\se_cp\fia-2024\fia-2024\debug\fia-2024.obj
c:\users\manmade\desktop\se_cp\fia-2024\fia-2024\debug\parm.obj
c:\users\manmade\desktop\se_cp\fia-2024\fia-2024\debug\it.obj
c:\users\manmade\desktop\se_cp\fia-2024\fia-2024\debug\grb.obj
c:\users\manmade\desktop\se_cp\fia-2024\fia-2024\debug\error.obj
c:\users\manmade\desktop\se_cp\fia-2024\fia-2024\debug\out.obj
c:\users\manmade\desktop\se_cp\fia-2024\fia-2024\debug\mfst.obj
c:\users\manmade\desktop\se_cp\fia-2024\fia-2024\debug\log.obj
c:\users\manmade\desktop\se_cp\fia-2024\fia-2024\debug\lt.obj
c:\users\manmade\desktop\se_cp\fia-2024\fia-2024\debug\in.obj
c:\users\manmade\desktop\se_cp\fia-2024\debug\fia-2024.exe
c:\users\manmade\desktop\se_cp\fia-2024\debug\fia-2024.pdb
c:\users\manmade\desktop\se_cp\fia-2024\fia-2024\debug\fia-2024.ilk
c:\users\manmade\desktop\se_cp\fia-2024\fia-2024\debug\fia-2024.tlog\cl.command.1.tlog
c:\users\manmade\desktop\se_cp\fia-2024\fia-2024\debug\fia-2024.tlog\cl.items.tlog
c:\users\manmade\desktop\se_cp\fia-2024\fia-2024\debug\fia-2024.tlog\cl.read.1.tlog
c:\users\manmade\desktop\se_cp\fia-2024\fia-2024\debug\fia-2024.tlog\cl.write.1.tlog
c:\users\manmade\desktop\se_cp\fia-2024\fia-2024\debug\fia-2024.tlog\link.command.1.tlog
c:\users\manmade\desktop\se_cp\fia-2024\fia-2024\debug\fia-2024.tlog\link.read.1.tlog
c:\users\manmade\desktop\se_cp\fia-2024\fia-2024\debug\fia-2024.tlog\link.secondary.1.tlog
c:\users\manmade\desktop\se_cp\fia-2024\fia-2024\debug\fia-2024.tlog\link.write.1.tlog
