Сборка начата 08.12.2024 17:33:15.
Уровень детализации журнала: Normal.     1>Проект "C:\Users\Manmade\Desktop\SE_CP\FIA-2024\FIA-2024\FIA-2024.vcxproj" в узле 2 (целевые объекты Build).
     1>PrepareForBuild:
         Структурированный вывод включен. Форматирование диагностики компилятора будет отражать иерархию ошибок. Подробнее см. https://aka.ms/cpp/structured-output.
         Создание каталога "C:\Users\Manmade\Desktop\SE_CP\FIA-2024\x64\Debug\".
         Создание каталога "x64\Debug\FIA-2024.tlog\".
       InitializeBuildStatus:
         Создание "x64\Debug\FIA-2024.tlog\unsuccessfulbuild", так как было задано "AlwaysCreate".
         Обращение к "x64\Debug\FIA-2024.tlog\unsuccessfulbuild".
       ClCompile:
         C:\Program Files\Microsoft Visual Studio\2022\Community\VC\Tools\MSVC\14.41.34120\bin\HostX64\x64\CL.exe /c /ZI /JMC /nologo /W3 /WX- /diagnostics:column /sdl /Od /D _DEBUG /D _CONSOLE /D _UNICODE /D UNICODE /Gm- /EHsc /RTC1 /MDd /GS /fp:precise /Zc:wchar_t /Zc:forScope /Zc:inline /permissive- /Fo"x64\Debug\\" /Fd"x64\Debug\vc143.pdb" /external:W3 /Gd /TP /FC /errorReport:prompt Error.cpp "FIA-2024.cpp" FST.cpp GRB.cpp In.cpp IT.cpp Log.cpp LT.cpp MFST.cpp Out.cpp Parm.cpp
         Error.cpp
     1>C:\Users\Manmade\Desktop\SE_CP\FIA-2024\FIA-2024\In.h(31,10): warning C4067: непредвиденные лексемы за директивой препроцессора, требуется newline
         (компиляция исходного файла "Error.cpp")
         
         FIA-2024.cpp
     1>C:\Users\Manmade\Desktop\SE_CP\FIA-2024\FIA-2024\In.h(31,10): warning C4067: непредвиденные лексемы за директивой препроцессора, требуется newline
         (компиляция исходного файла "FIA-2024.cpp")
         
         FST.cpp
     1>C:\Users\Manmade\Desktop\SE_CP\FIA-2024\FIA-2024\In.h(31,10): warning C4067: непредвиденные лексемы за директивой препроцессора, требуется newline
         (компиляция исходного файла "FST.cpp")
         
     1>C:\Users\Manmade\Desktop\SE_CP\FIA-2024\FIA-2024\FST.cpp(69,17): warning C4267: инициализация: преобразование из "size_t" в "short"; возможна потеря данных
         GRB.cpp
         In.cpp
     1>C:\Users\Manmade\Desktop\SE_CP\FIA-2024\FIA-2024\In.h(31,10): warning C4067: непредвиденные лексемы за директивой препроцессора, требуется newline
         (компиляция исходного файла "In.cpp")
         
     1>C:\Users\Manmade\Desktop\SE_CP\FIA-2024\FIA-2024\In.cpp(34,9): warning C4101: next: неиспользованная локальная переменная
         IT.cpp
     1>C:\Users\Manmade\Desktop\SE_CP\FIA-2024\FIA-2024\In.h(31,10): warning C4067: непредвиденные лексемы за директивой препроцессора, требуется newline
         (компиляция исходного файла "IT.cpp")
         
     1>C:\Users\Manmade\Desktop\SE_CP\FIA-2024\FIA-2024\IT.cpp(52,26): warning C4311: приведение типов: усечение указателя из "char *" в "int"
     1>C:\Users\Manmade\Desktop\SE_CP\FIA-2024\FIA-2024\IT.cpp(52,26): warning C4302: приведение типов: усечение из "char *" к "int"
         Log.cpp
     1>C:\Users\Manmade\Desktop\SE_CP\FIA-2024\FIA-2024\In.h(31,10): warning C4067: непредвиденные лексемы за директивой препроцессора, требуется newline
         (компиляция исходного файла "Log.cpp")
         
         LT.cpp
     1>C:\Users\Manmade\Desktop\SE_CP\FIA-2024\FIA-2024\In.h(31,10): warning C4067: непредвиденные лексемы за директивой препроцессора, требуется newline
         (компиляция исходного файла "LT.cpp")
         
         MFST.cpp
     1>C:\Users\Manmade\Desktop\SE_CP\FIA-2024\FIA-2024\In.h(31,10): warning C4067: непредвиденные лексемы за директивой препроцессора, требуется newline
         (компиляция исходного файла "MFST.cpp")
         
     1>C:\Users\Manmade\Desktop\SE_CP\FIA-2024\FIA-2024\MFST.cpp(239,72): warning C4267: =: преобразование из "size_t" в "short"; возможна потеря данных
         Out.cpp
     1>C:\Users\Manmade\Desktop\SE_CP\FIA-2024\FIA-2024\In.h(31,10): warning C4067: непредвиденные лексемы за директивой препроцессора, требуется newline
         (компиляция исходного файла "Out.cpp")
         
         Parm.cpp
     1>C:\Users\Manmade\Desktop\SE_CP\FIA-2024\FIA-2024\In.h(31,10): warning C4067: непредвиденные лексемы за директивой препроцессора, требуется newline
         (компиляция исходного файла "Parm.cpp")
         
         Создание кода...
       Link:
         C:\Program Files\Microsoft Visual Studio\2022\Community\VC\Tools\MSVC\14.41.34120\bin\HostX64\x64\link.exe /ERRORREPORT:PROMPT /OUT:"C:\Users\Manmade\Desktop\SE_CP\FIA-2024\x64\Debug\FIA-2024.exe" /INCREMENTAL /ILK:"x64\Debug\FIA-2024.ilk" /NOLOGO kernel32.lib user32.lib gdi32.lib winspool.lib comdlg32.lib advapi32.lib shell32.lib ole32.lib oleaut32.lib uuid.lib odbc32.lib odbccp32.lib /MANIFEST /MANIFESTUAC:"level='asInvoker' uiAccess='false'" /manifest:embed /DEBUG /PDB:"C:\Users\Manmade\Desktop\SE_CP\FIA-2024\x64\Debug\FIA-2024.pdb" /SUBSYSTEM:CONSOLE /TLBID:1 /DYNAMICBASE /NXCOMPAT /IMPLIB:"C:\Users\Manmade\Desktop\SE_CP\FIA-2024\x64\Debug\FIA-2024.lib" /MACHINE:X64 x64\Debug\Error.obj
         "x64\Debug\FIA-2024.obj"
         x64\Debug\FST.obj
         x64\Debug\GRB.obj
         x64\Debug\In.obj
         x64\Debug\IT.obj
         x64\Debug\Log.obj
         x64\Debug\LT.obj
         x64\Debug\MFST.obj
         x64\Debug\Out.obj
         x64\Debug\Parm.obj
         FIA-2024.vcxproj -> C:\Users\Manmade\Desktop\SE_CP\FIA-2024\x64\Debug\FIA-2024.exe
       FinalizeBuildStatus:
         Файл "x64\Debug\FIA-2024.tlog\unsuccessfulbuild" удаляется.
         Обращение к "x64\Debug\FIA-2024.tlog\FIA-2024.lastbuildstate".
     1>Сборка проекта "C:\Users\Manmade\Desktop\SE_CP\FIA-2024\FIA-2024\FIA-2024.vcxproj" завершена (целевые объекты Build).

Сборка успешно завершена.

       "C:\Users\Manmade\Desktop\SE_CP\FIA-2024\FIA-2024\FIA-2024.vcxproj" (целевой объект Build ) (1) ->
       (Целевой объект ClCompile) -> 
         C:\Users\Manmade\Desktop\SE_CP\FIA-2024\FIA-2024\In.h(31,10): warning C4067: непредвиденные лексемы за директивой препроцессора, требуется newline
         C:\Users\Manmade\Desktop\SE_CP\FIA-2024\FIA-2024\In.h(31,10): warning C4067: непредвиденные лексемы за директивой препроцессора, требуется newline
         C:\Users\Manmade\Desktop\SE_CP\FIA-2024\FIA-2024\In.h(31,10): warning C4067: непредвиденные лексемы за директивой препроцессора, требуется newline
         C:\Users\Manmade\Desktop\SE_CP\FIA-2024\FIA-2024\FST.cpp(69,17): warning C4267: инициализация: преобразование из "size_t" в "short"; возможна потеря данных
         C:\Users\Manmade\Desktop\SE_CP\FIA-2024\FIA-2024\In.h(31,10): warning C4067: непредвиденные лексемы за директивой препроцессора, требуется newline
         C:\Users\Manmade\Desktop\SE_CP\FIA-2024\FIA-2024\In.cpp(34,9): warning C4101: next: неиспользованная локальная переменная
         C:\Users\Manmade\Desktop\SE_CP\FIA-2024\FIA-2024\In.h(31,10): warning C4067: непредвиденные лексемы за директивой препроцессора, требуется newline
         C:\Users\Manmade\Desktop\SE_CP\FIA-2024\FIA-2024\IT.cpp(52,26): warning C4311: приведение типов: усечение указателя из "char *" в "int"
         C:\Users\Manmade\Desktop\SE_CP\FIA-2024\FIA-2024\IT.cpp(52,26): warning C4302: приведение типов: усечение из "char *" к "int"
         C:\Users\Manmade\Desktop\SE_CP\FIA-2024\FIA-2024\In.h(31,10): warning C4067: непредвиденные лексемы за директивой препроцессора, требуется newline
         C:\Users\Manmade\Desktop\SE_CP\FIA-2024\FIA-2024\In.h(31,10): warning C4067: непредвиденные лексемы за директивой препроцессора, требуется newline
         C:\Users\Manmade\Desktop\SE_CP\FIA-2024\FIA-2024\In.h(31,10): warning C4067: непредвиденные лексемы за директивой препроцессора, требуется newline
         C:\Users\Manmade\Desktop\SE_CP\FIA-2024\FIA-2024\MFST.cpp(239,72): warning C4267: =: преобразование из "size_t" в "short"; возможна потеря данных
         C:\Users\Manmade\Desktop\SE_CP\FIA-2024\FIA-2024\In.h(31,10): warning C4067: непредвиденные лексемы за директивой препроцессора, требуется newline
         C:\Users\Manmade\Desktop\SE_CP\FIA-2024\FIA-2024\In.h(31,10): warning C4067: непредвиденные лексемы за директивой препроцессора, требуется newline

    Предупреждений: 15
    Ошибок: 0

Прошло времени 00:00:06.65
